使用设备: cuda
加载数据...
开始加载微管坐标数据...
使用简化方法解析: E:\gits\MT_tubulin-master\experimental_results\exp1\coord.csv
找到 PF #1: 4 个坐标点
找到 PF #2: 4 个坐标点
找到 PF #3: 4 个坐标点
找到 PF #4: 4 个坐标点
找到 PF #5: 4 个坐标点
找到 PF #6: 4 个坐标点
找到 PF #7: 4 个坐标点
找到 PF #8: 4 个坐标点
找到 PF #9: 4 个坐标点
找到 PF #10: 4 个坐标点
找到 PF #11: 4 个坐标点
找到 PF #12: 4 个坐标点
找到 PF #13: 4 个坐标点
使用简化方法解析: E:\gits\MT_tubulin-master\experimental_results\exp1\init_coord.csv
找到 PF #1: 4 个坐标点
找到 PF #2: 4 个坐标点
找到 PF #3: 4 个坐标点
找到 PF #4: 4 个坐标点
找到 PF #5: 4 个坐标点
找到 PF #6: 4 个坐标点
找到 PF #7: 4 个坐标点
找到 PF #8: 4 个坐标点
找到 PF #9: 4 个坐标点
找到 PF #10: 4 个坐标点
找到 PF #11: 4 个坐标点
找到 PF #12: 4 个坐标点
找到 PF #13: 4 个坐标点
成功解析: 初始数据 13 条原纤维, 演化数据 13 条原纤维
合并后数据形状: (104, 6)
标准化后数据形状: (104, 6)
开始训练...
Epoch [10/100], Train Loss: 0.5430, Val Loss: 0.6276
Physical Params - S: 1.0000, B: 0.1000, K: 0.0500
Epoch [20/100], Train Loss: 0.2839, Val Loss: 0.3792
Physical Params - S: 1.0000, B: 0.1000, K: 0.0500
Epoch [30/100], Train Loss: 0.1601, Val Loss: 0.2621
Physical Params - S: 1.0000, B: 0.1000, K: 0.0500
Epoch [40/100], Train Loss: 0.1489, Val Loss: 0.2586
Physical Params - S: 1.0000, B: 0.1000, K: 0.0500
Epoch [50/100], Train Loss: 0.1433, Val Loss: 0.2809
Physical Params - S: 1.0000, B: 0.1000, K: 0.0500
Epoch [60/100], Train Loss: 0.1174, Val Loss: 0.2689
Physical Params - S: 1.0000, B: 0.1000, K: 0.0500
Epoch [70/100], Train Loss: 0.1318, Val Loss: 0.2905
Physical Params - S: 1.0000, B: 0.1000, K: 0.0500
Epoch [80/100], Train Loss: 0.1215, Val Loss: 0.2527
Physical Params - S: 1.0000, B: 0.1000, K: 0.0500
Epoch [90/100], Train Loss: 0.1331, Val Loss: 0.2776
Physical Params - S: 1.0000, B: 0.1000, K: 0.0500
Epoch [100/100], Train Loss: 0.1191, Val Loss: 0.2776
Physical Params - S: 1.0000, B: 0.1000, K: 0.0500
分析物理性质...
Predictions shape: (20, 6), Targets shape: (20, 6)
生成可视化...
训练完成！模型和可视化结果已保存。

Process finished with exit code 0
